2021-06-25 09:24:28,701 [main] INFO  c.c.person.PersonApplication [StartupInfoLogger.java : 50] - Starting PersonApplication on shs-cyhlwzytxf with PID 20832 (F:\spring-boot-guest\target\classes started by shs-cyhlwzytxf in F:\spring-boot-guest)
2021-06-25 09:24:28,710 [main] INFO  c.c.person.PersonApplication [SpringApplication.java : 679] - The following profiles are active: dev
2021-06-25 09:24:29,908 [main] INFO  o.s.c.s.PostProcessorRegistrationDelegate$BeanPostProcessorChecker [PostProcessorRegistrationDelegate.java : 330] - Bean 'org.springframework.transaction.annotation.ProxyTransactionManagementConfiguration' of type [org.springframework.transaction.annotation.ProxyTransactionManagementConfiguration$$EnhancerBySpringCGLIB$$9246140] is not eligible for getting processed by all BeanPostProcessors (for example: not eligible for auto-proxying)
2021-06-25 09:24:30,117 [main] INFO  o.s.b.w.e.tomcat.TomcatWebServer [TomcatWebServer.java : 90] - Tomcat initialized with port(s): 8088 (http)
2021-06-25 09:24:30,125 [main] INFO  o.a.coyote.http11.Http11NioProtocol [DirectJDKLog.java : 173] - Initializing ProtocolHandler ["http-nio-8088"]
2021-06-25 09:24:30,132 [main] INFO  o.a.catalina.core.StandardService [DirectJDKLog.java : 173] - Starting service [Tomcat]
2021-06-25 09:24:30,132 [main] INFO  o.a.catalina.core.StandardEngine [DirectJDKLog.java : 173] - Starting Servlet Engine: Apache Tomcat/9.0.13
2021-06-25 09:24:30,137 [main] INFO  o.a.c.core.AprLifecycleListener [DirectJDKLog.java : 173] - The APR based Apache Tomcat Native library which allows optimal performance in production environments was not found on the java.library.path: [C:\Program Files\Java\jdk1.8.0_281\bin;C:\WINDOWS\Sun\Java\bin;C:\WINDOWS\system32;C:\WINDOWS;D:\secureCRT\;C:\Program Files (x86)\Common Files\Oracle\Java\javapath;C:\WINDOWS\system32;C:\WINDOWS;C:\WINDOWS\System32\Wbem;C:\WINDOWS\System32\WindowsPowerShell\v1.0\;C:\WINDOWS\System32\OpenSSH\;D:\Git\cmd;C:\Program Files\Java\jdk1.8.0_281\bin;C:\Program Files\Java\jdk1.8.0_281\jre\bin;D:\apache-maven-3.6.3\bin;D:\TortoiseSVN\bin;D:\MySQL\MySQL Server 8.0\bin;F:\zookeeper-3.4.14\bin;F:\mongodb\bin;C:\Users\shs-cyhlwzytxf\AppData\Local\Microsoft\WindowsApps;;.]
2021-06-25 09:24:30,216 [main] INFO  o.a.c.c.C.[Tomcat].[localhost].[/] [DirectJDKLog.java : 173] - Initializing Spring embedded WebApplicationContext
2021-06-25 09:24:30,216 [main] INFO  o.s.web.context.ContextLoader [ServletWebServerApplicationContext.java : 296] - Root WebApplicationContext: initialization completed in 1463 ms
2021-06-25 09:24:31,630 [main] INFO  o.s.b.a.e.web.EndpointLinksResolver [EndpointLinksResolver.java : 59] - Exposing 2 endpoint(s) beneath base path '/actuator'
2021-06-25 09:24:31,700 [main] INFO  s.d.s.w.PropertySourcedRequestMappingHandlerMapping [PropertySourcedRequestMappingHandlerMapping.java : 69] - Mapped URL path [/v2/api-docs] onto method [public org.springframework.http.ResponseEntity<springfox.documentation.spring.web.json.Json> springfox.documentation.swagger2.web.Swagger2Controller.getDocumentation(java.lang.String,javax.servlet.http.HttpServletRequest)]
2021-06-25 09:24:31,755 [main] INFO  o.s.s.c.ThreadPoolTaskExecutor [ExecutorConfigurationSupport.java : 171] - Initializing ExecutorService 'applicationTaskExecutor'
2021-06-25 09:24:31,932 [main] WARN  o.t.templatemode.TemplateMode [TemplateMode.java : 150] - [THYMELEAF][main] Template Mode 'HTML5' is deprecated. Using Template Mode 'HTML' instead.
2021-06-25 09:24:31,951 [main] INFO  o.s.b.a.w.s.WelcomePageHandlerMapping [WelcomePageHandlerMapping.java : 61] - Adding welcome page template: index
2021-06-25 09:24:32,120 [main] INFO  s.d.s.w.p.DocumentationPluginsBootstrapper [DocumentationPluginsBootstrapper.java : 160] - Context refreshed
2021-06-25 09:24:32,129 [main] INFO  s.d.s.w.p.DocumentationPluginsBootstrapper [DocumentationPluginsBootstrapper.java : 163] - Found 1 custom documentation plugin(s)
2021-06-25 09:24:32,153 [main] INFO  s.d.s.w.s.ApiListingReferenceScanner [ApiListingReferenceScanner.java : 41] - Scanning for api listing references
2021-06-25 09:24:32,174 [main] INFO  o.a.coyote.http11.Http11NioProtocol [DirectJDKLog.java : 173] - Starting ProtocolHandler ["http-nio-8088"]
2021-06-25 09:24:32,179 [main] INFO  o.a.tomcat.util.net.NioSelectorPool [DirectJDKLog.java : 173] - Using a shared selector for servlet write/read
2021-06-25 09:24:32,188 [main] INFO  o.s.b.w.e.tomcat.TomcatWebServer [TomcatWebServer.java : 204] - Tomcat started on port(s): 8088 (http) with context path ''
2021-06-25 09:24:32,190 [main] INFO  c.c.person.PersonApplication [StartupInfoLogger.java : 59] - Started PersonApplication in 4.014 seconds (JVM running for 4.893)
2021-06-25 09:24:33,200 [RMI TCP Connection(5)-192.168.137.1] INFO  o.a.c.c.C.[Tomcat].[localhost].[/] [DirectJDKLog.java : 173] - Initializing Spring DispatcherServlet 'dispatcherServlet'
2021-06-25 09:24:33,200 [RMI TCP Connection(5)-192.168.137.1] INFO  o.s.web.servlet.DispatcherServlet [FrameworkServlet.java : 524] - Initializing Servlet 'dispatcherServlet'
2021-06-25 09:24:33,211 [RMI TCP Connection(5)-192.168.137.1] INFO  o.s.web.servlet.DispatcherServlet [FrameworkServlet.java : 546] - Completed initialization in 10 ms
2021-06-25 09:24:33,509 [RMI TCP Connection(3)-192.168.137.1] INFO  c.alibaba.druid.pool.DruidDataSource [DruidDataSource.java : 983] - {dataSource-1} inited
2021-06-25 09:28:37,871 [http-nio-8088-exec-2] ERROR c.a.d.pool.DruidAbstractDataSource [DruidAbstractDataSource.java : 1481] - discard long time none received connection. , jdbcUrl : jdbc:mysql://localhost:3306/china_union?allowMultiQueries=true&useUnicode=true&characterEncoding=UTF-8&serverTimezone = Asia/Shanghai&zeroDateTimeBehavior=convertToNull, jdbcUrl : jdbc:mysql://localhost:3306/china_union?allowMultiQueries=true&useUnicode=true&characterEncoding=UTF-8&serverTimezone = Asia/Shanghai&zeroDateTimeBehavior=convertToNull, lastPacketReceivedIdleMillis : 244360
2021-06-25 09:28:37,873 [http-nio-8088-exec-2] ERROR c.a.d.pool.DruidAbstractDataSource [DruidAbstractDataSource.java : 1481] - discard long time none received connection. , jdbcUrl : jdbc:mysql://localhost:3306/china_union?allowMultiQueries=true&useUnicode=true&characterEncoding=UTF-8&serverTimezone = Asia/Shanghai&zeroDateTimeBehavior=convertToNull, jdbcUrl : jdbc:mysql://localhost:3306/china_union?allowMultiQueries=true&useUnicode=true&characterEncoding=UTF-8&serverTimezone = Asia/Shanghai&zeroDateTimeBehavior=convertToNull, lastPacketReceivedIdleMillis : 244391
2021-06-25 09:28:37,874 [http-nio-8088-exec-2] ERROR c.a.d.pool.DruidAbstractDataSource [DruidAbstractDataSource.java : 1481] - discard long time none received connection. , jdbcUrl : jdbc:mysql://localhost:3306/china_union?allowMultiQueries=true&useUnicode=true&characterEncoding=UTF-8&serverTimezone = Asia/Shanghai&zeroDateTimeBehavior=convertToNull, jdbcUrl : jdbc:mysql://localhost:3306/china_union?allowMultiQueries=true&useUnicode=true&characterEncoding=UTF-8&serverTimezone = Asia/Shanghai&zeroDateTimeBehavior=convertToNull, lastPacketReceivedIdleMillis : 244417
2021-06-25 09:28:37,876 [http-nio-8088-exec-2] ERROR c.a.d.pool.DruidAbstractDataSource [DruidAbstractDataSource.java : 1481] - discard long time none received connection. , jdbcUrl : jdbc:mysql://localhost:3306/china_union?allowMultiQueries=true&useUnicode=true&characterEncoding=UTF-8&serverTimezone = Asia/Shanghai&zeroDateTimeBehavior=convertToNull, jdbcUrl : jdbc:mysql://localhost:3306/china_union?allowMultiQueries=true&useUnicode=true&characterEncoding=UTF-8&serverTimezone = Asia/Shanghai&zeroDateTimeBehavior=convertToNull, lastPacketReceivedIdleMillis : 244445
2021-06-25 09:28:37,877 [http-nio-8088-exec-2] ERROR c.a.d.pool.DruidAbstractDataSource [DruidAbstractDataSource.java : 1481] - discard long time none received connection. , jdbcUrl : jdbc:mysql://localhost:3306/china_union?allowMultiQueries=true&useUnicode=true&characterEncoding=UTF-8&serverTimezone = Asia/Shanghai&zeroDateTimeBehavior=convertToNull, jdbcUrl : jdbc:mysql://localhost:3306/china_union?allowMultiQueries=true&useUnicode=true&characterEncoding=UTF-8&serverTimezone = Asia/Shanghai&zeroDateTimeBehavior=convertToNull, lastPacketReceivedIdleMillis : 244478
2021-06-25 09:29:59,239 [http-nio-8088-exec-5] ERROR c.a.d.pool.DruidAbstractDataSource [DruidAbstractDataSource.java : 1481] - discard long time none received connection. , jdbcUrl : jdbc:mysql://localhost:3306/china_union?allowMultiQueries=true&useUnicode=true&characterEncoding=UTF-8&serverTimezone = Asia/Shanghai&zeroDateTimeBehavior=convertToNull, jdbcUrl : jdbc:mysql://localhost:3306/china_union?allowMultiQueries=true&useUnicode=true&characterEncoding=UTF-8&serverTimezone = Asia/Shanghai&zeroDateTimeBehavior=convertToNull, lastPacketReceivedIdleMillis : 81148
